***********************************************************************
*
*	CODE GENERATION LISTING FOR: Practica 5
*	COMPILER VERSION: 5.10.0.9
*
***********************************************************************

***********************************************************************
UNUSED FUNCTIONS:

	DEAD_BAND
	SGN
***********************************************************************

***********************************************************************
UNUSED FUNCTION BLOCKS:

	CTUD_UDINT
	CTUD_DINT
	CTUD
	CTU_UDINT
	CTU
	CTU_DINT
	CTD_UDINT
	CTD_DINT
	CTD
	R_TRIG
	F_TRIG
	SR
	RS
	TP
	TON
	TOF
	FT_DERIV
	FT_INT
	FT_PID
***********************************************************************

**************************************************
	List program: MAIN
**************************************************

PROGRAM MAIN

END_PROGRAM

35000090  E24DD008		sub sp, sp, #8
35000094  E58DE000		str lr, [sp]
35000098  E92D0FF0		stmdb sp!, { r4, r5, r6, r7, r8, r9, r10, r11 }

#0		{SRC:MAIN}
#1		(*$WAITSWITCH$*)
#2		
#3			(* CNT := CNT + 1; *)
#4			LD		CNT	{LNXT:2|2|-1}
(*) UNDEF
3500009C  E59FB010		ldr r11, [pc, #+16] ; 0x3100000C
350000A0  E1DB00F0		ldrsh r0, [r11]

#5			ADD		1	{LNXT:2|2|-1}
(*) INT
350000A4  E2800001		add r0, r0, #1

#6			ST		CNT	{LNXT:2|2|-1}
(*) INT
350000A8  E59FB004		ldr r11, [pc, #+4] ; 0x3100000C
350000AC  E1CB00B0		strh r0, [r11]

350000B0  EA000000		b #0

350000B4  3100000C		; 0x3100000C

END_PROGRAM
**************************************************
	List program: LICUADORA
**************************************************

PROGRAM LICUADORA

        VAR
SA AT %IX0.0 : BOOL;
SB AT %IX0.1 : BOOL;
LLS AT %IX0.2 : BOOL;
C10 AT %IX0.3 : BOOL;
SV AT %IX0.4 : BOOL;
SE AT %IX0.5 : BOOL;
BMM AT %IX0.6 : BOOL;
BMA AT %IX0.7 : BOOL;
BMB AT %IX0.8 : BOOL;
BC AT %IX0.9 : BOOL;
BIC AT %IX0.10 : BOOL;
BPM AT %IX0.11 : BOOL;
BFM AT %IX0.12 : BOOL;
BA AT %IX0.13 : BOOL;
BM AT %IX0.14 : BOOL;
AV1 AT %QX0.15 : BOOL;
AV2 AT %QX0.16 : BOOL;
AV3 AT %QX0.17 : BOOL;
IC AT %QX0.18 : BOOL;
RC AT %QX0.19 : BOOL;
EM AT %QX0.20 : BOOL;
FM AT %QX0.21 : BOOL;
EC AT %QX0.22 : BOOL;
AC AT %QX0.23 : BOOL;
ME0 : BOOL;
ME1 : BOOL;
ME2 : BOOL;
ME3 : BOOL;
ME4 : BOOL;
ME5 : BOOL;
ME6 : BOOL;
ME7 : BOOL;
ME8 : BOOL;
ME9 : BOOL;
ME10 : BOOL;
ME11 : BOOL;
ME12 : BOOL;
ME13 : BOOL;
ME14 : BOOL;
MT0 : BOOL;
MT1 : BOOL;
MT2 : BOOL;
MT3 : BOOL;
MT4 : BOOL;
MT5 : BOOL;
MT6 : BOOL;
MT7 : BOOL;
MT8 : BOOL;
MT9 : BOOL;
MT10 : BOOL;
MT11 : BOOL;
MT12 : BOOL;
MT13 : BOOL;
MT14 : BOOL;
MT15 : BOOL;
MT16 : BOOL;
MT17 : BOOL;
MT18 : BOOL;
MT19 : BOOL;
MT20 : BOOL;
MT21 : BOOL;
MT22 : BOOL;
MT23 : BOOL;
MT24 : BOOL;
MT25 : BOOL;
MT26 : BOOL;
MT27 : BOOL;
MT28 : BOOL;
MT29 : BOOL;
MT30 : BOOL;
	END_VAR

END_PROGRAM

#0			{SRC:LICUADORA}
#1		 
#2		  
#3			(* Network 1 *)
#4			LD		BM {R:1$0}
(*) UNDEF
350000B8  E59FB850		ldr r11, [pc, #+2128] ; 0xAFD26
350000BC  E5DB0000		ldrb r0, [r11]

#5			AND		ME0 {R:1$2}
(*) BOOL
350000C0  E59FB84C		ldr r11, [pc, #+2124] ; 0x3100000E
350000C4  E5DBB000		ldrb r11, [r11]
350000C8  E000000B		and r0, r0, r11

#6			ST		MT1 {R:1$1}
(*) BOOL
350000CC  E59FB844		ldr r11, [pc, #+2116] ; 0x3100000F
350000D0  E5CB0000		strb r0, [r11]

#7		 
#8			(* Network 2 *)
#9			LD		SE {R:2$0}
(*) UNDEF
350000D4  E59FB810		ldr r11, [pc, #+2064] ; 0xAFD1D
350000D8  E5DB0000		ldrb r0, [r11]

#10			AND		ME0 {R:2$2}
(*) BOOL
350000DC  E59FB830		ldr r11, [pc, #+2096] ; 0x3100000E
350000E0  E5DBB000		ldrb r11, [r11]
350000E4  E000000B		and r0, r0, r11

#11			ST		MT9 {R:2$1}
(*) BOOL
350000E8  E59FB82C		ldr r11, [pc, #+2092] ; 0x31000010
350000EC  E5CB0000		strb r0, [r11]

#12		 
#13			(* Network 3 *)
#14			LD		SV {R:3$0}
(*) UNDEF
350000F0  E59FB7F0		ldr r11, [pc, #+2032] ; 0xAFD1C
350000F4  E5DB0000		ldrb r0, [r11]

#15			AND		BMA {R:3$2}
(*) BOOL
350000F8  E59FB7F4		ldr r11, [pc, #+2036] ; 0xAFD1F
350000FC  E5DBB000		ldrb r11, [r11]
35000100  E000000B		and r0, r0, r11

#16			AND		ME1 {R:3$4}
(*) BOOL
35000104  E59FB814		ldr r11, [pc, #+2068] ; 0x31000011
35000108  E5DBB000		ldrb r11, [r11]
3500010C  E000000B		and r0, r0, r11

#17			ST		MT2 {R:3$1}
(*) BOOL
35000110  E59FB80C		ldr r11, [pc, #+2060] ; 0x31000012
35000114  E5CB0000		strb r0, [r11]

#18		 
#19			(* Network 4 *)
#20			LD		SE {R:4$0}
(*) UNDEF
35000118  E59FB7CC		ldr r11, [pc, #+1996] ; 0xAFD1D
3500011C  E5DB0000		ldrb r0, [r11]

#21			AND		ME1 {R:4$4}
(*) BOOL
35000120  E59FB7F8		ldr r11, [pc, #+2040] ; 0x31000011
35000124  E5DBB000		ldrb r11, [r11]
35000128  E000000B		and r0, r0, r11

#22			ST		MT10 {R:4$1}
(*) BOOL
3500012C  E59FB7F4		ldr r11, [pc, #+2036] ; 0x31000013
35000130  E5CB0000		strb r0, [r11]

#23		 
#24			(* Network 5 *)
#25			LD		SA {R:5$0}
(*) UNDEF
35000134  E59FB79C		ldr r11, [pc, #+1948] ; 0xAFD18
35000138  E5DB0000		ldrb r0, [r11]

#26			ANDN		BMA {R:5$2}
(*) BOOL
3500013C  E59FB7B0		ldr r11, [pc, #+1968] ; 0xAFD1F
35000140  E5DBB000		ldrb r11, [r11]
35000144  E35B0000		cmp r11, #0
35000148  03A0B001		eqmov r11, #1
3500014C  13A0B000		nemov r11, #0
35000150  E000000B		and r0, r0, r11

#27			AND		BMB {R:5$4}
(*) BOOL
35000154  E59FB79C		ldr r11, [pc, #+1948] ; 0xAFD20
35000158  E5DBB000		ldrb r11, [r11]
3500015C  E000000B		and r0, r0, r11

#28			AND		ME2 {R:5$5}
(*) BOOL
35000160  E59FB7C4		ldr r11, [pc, #+1988] ; 0x31000014
35000164  E5DBB000		ldrb r11, [r11]
35000168  E000000B		and r0, r0, r11

#29			ST		MT3 {R:5$1}
(*) BOOL
3500016C  E59FB7BC		ldr r11, [pc, #+1980] ; 0x31000015
35000170  E5CB0000		strb r0, [r11]

#30		 
#31			(* Network 6 *)
#32			LD		SE {R:6$0}
(*) UNDEF
35000174  E59FB770		ldr r11, [pc, #+1904] ; 0xAFD1D
35000178  E5DB0000		ldrb r0, [r11]

#33			AND		ME2 {R:6$2}
(*) BOOL
3500017C  E59FB7A8		ldr r11, [pc, #+1960] ; 0x31000014
35000180  E5DBB000		ldrb r11, [r11]
35000184  E000000B		and r0, r0, r11

#34			ST		MT11 {R:6$1}
(*) BOOL
35000188  E59FB7A4		ldr r11, [pc, #+1956] ; 0x31000016
3500018C  E5CB0000		strb r0, [r11]

#35		 
#36			(* Network 7 *)
#37			LD		SB {R:7$0}
(*) UNDEF
35000190  E59FB744		ldr r11, [pc, #+1860] ; 0xAFD19
35000194  E5DB0000		ldrb r0, [r11]

#38			ANDN		BMB {R:7$2}
(*) BOOL
35000198  E59FB758		ldr r11, [pc, #+1880] ; 0xAFD20
3500019C  E5DBB000		ldrb r11, [r11]
350001A0  E35B0000		cmp r11, #0
350001A4  03A0B001		eqmov r11, #1
350001A8  13A0B000		nemov r11, #0
350001AC  E000000B		and r0, r0, r11

#39			AND		BC {R:7$4}
(*) BOOL
350001B0  E59FB744		ldr r11, [pc, #+1860] ; 0xAFD21
350001B4  E5DBB000		ldrb r11, [r11]
350001B8  E000000B		and r0, r0, r11

#40			AND		ME3 {R:7$5}
(*) BOOL
350001BC  E59FB774		ldr r11, [pc, #+1908] ; 0x31000017
350001C0  E5DBB000		ldrb r11, [r11]
350001C4  E000000B		and r0, r0, r11

#41			ST		MT4 {R:7$1}
(*) BOOL
350001C8  E59FB76C		ldr r11, [pc, #+1900] ; 0x31000018
350001CC  E5CB0000		strb r0, [r11]

#42		 
#43			(* Network 8 *)
#44			LD		SE {R:8$0}
(*) UNDEF
350001D0  E59FB714		ldr r11, [pc, #+1812] ; 0xAFD1D
350001D4  E5DB0000		ldrb r0, [r11]

#45			AND		ME3 {R:8$2}
(*) BOOL
350001D8  E59FB758		ldr r11, [pc, #+1880] ; 0x31000017
350001DC  E5DBB000		ldrb r11, [r11]
350001E0  E000000B		and r0, r0, r11

#46			ST		MT12 {R:8$1}
(*) BOOL
350001E4  E59FB754		ldr r11, [pc, #+1876] ; 0x31000019
350001E8  E5CB0000		strb r0, [r11]

#47		 
#48			(* Network 9 *)
#49			LD		LLS {R:9$0}
(*) UNDEF
350001EC  E59FB6EC		ldr r11, [pc, #+1772] ; 0xAFD1A
350001F0  E5DB0000		ldrb r0, [r11]

#50			AND		ME4 {R:9$2}
(*) BOOL
350001F4  E59FB748		ldr r11, [pc, #+1864] ; 0x3100001A
350001F8  E5DBB000		ldrb r11, [r11]
350001FC  E000000B		and r0, r0, r11

#51			ST		MT5 {R:9$1}
(*) BOOL
35000200  E59FB740		ldr r11, [pc, #+1856] ; 0x3100001B
35000204  E5CB0000		strb r0, [r11]

#52		 
#53			(* Network 10 *)
#54			LD		SE {R:10$0}
(*) UNDEF
35000208  E59FB6DC		ldr r11, [pc, #+1756] ; 0xAFD1D
3500020C  E5DB0000		ldrb r0, [r11]

#55			AND		ME4 {R:10$2}
(*) BOOL
35000210  E59FB72C		ldr r11, [pc, #+1836] ; 0x3100001A
35000214  E5DBB000		ldrb r11, [r11]
35000218  E000000B		and r0, r0, r11

#56			ST		MT13 {R:10$1}
(*) BOOL
3500021C  E59FB728		ldr r11, [pc, #+1832] ; 0x3100001C
35000220  E5CB0000		strb r0, [r11]

#57		 
#58			(* Network 11 *)
#59			LD		BPM {R:11$0}
(*) UNDEF
35000224  E59FB6D8		ldr r11, [pc, #+1752] ; 0xAFD23
35000228  E5DB0000		ldrb r0, [r11]

#60			AND		BIC {R:11$2}
(*) BOOL
3500022C  E59FB6CC		ldr r11, [pc, #+1740] ; 0xAFD22
35000230  E5DBB000		ldrb r11, [r11]
35000234  E000000B		and r0, r0, r11

#61			AND		ME5 {R:11$4}
(*) BOOL
35000238  E59FB710		ldr r11, [pc, #+1808] ; 0x3100001D
3500023C  E5DBB000		ldrb r11, [r11]
35000240  E000000B		and r0, r0, r11

#62			ST		MT6 {R:11$1}
(*) BOOL
35000244  E59FB708		ldr r11, [pc, #+1800] ; 0x3100001E
35000248  E5CB0000		strb r0, [r11]

#63		 
#64			(* Network 12 *)
#65			LD		SE {R:12$0}
(*) UNDEF
3500024C  E59FB698		ldr r11, [pc, #+1688] ; 0xAFD1D
35000250  E5DB0000		ldrb r0, [r11]

#66			AND		ME5 {R:12$2}
(*) BOOL
35000254  E59FB6F4		ldr r11, [pc, #+1780] ; 0x3100001D
35000258  E5DBB000		ldrb r11, [r11]
3500025C  E000000B		and r0, r0, r11

#67			ST		MT14 {R:12$1}
(*) BOOL
35000260  E59FB6F0		ldr r11, [pc, #+1776] ; 0x3100001F
35000264  E5CB0000		strb r0, [r11]

#68		 
#69			(* Network 13 *)
#70			LD		C10 {R:13$0}
(*) UNDEF
35000268  E59FB674		ldr r11, [pc, #+1652] ; 0xAFD1B
3500026C  E5DB0000		ldrb r0, [r11]

#71			AND		BFM {R:13$2}
(*) BOOL
35000270  E59FB690		ldr r11, [pc, #+1680] ; 0xAFD24
35000274  E5DBB000		ldrb r11, [r11]
35000278  E000000B		and r0, r0, r11

#72			AND		BMM {R:13$4}
(*) BOOL
3500027C  E59FB66C		ldr r11, [pc, #+1644] ; 0xAFD1E
35000280  E5DBB000		ldrb r11, [r11]
35000284  E000000B		and r0, r0, r11

#73			AND		ME6 {R:13$5}
(*) BOOL
35000288  E59FB6CC		ldr r11, [pc, #+1740] ; 0x31000020
3500028C  E5DBB000		ldrb r11, [r11]
35000290  E000000B		and r0, r0, r11

#74			ST		MT7 {R:13$1}
(*) BOOL
35000294  E59FB6C4		ldr r11, [pc, #+1732] ; 0x31000021
35000298  E5CB0000		strb r0, [r11]

#75		 
#76			(* Network 14 *)
#77			LD		SE {R:14$0}
(*) UNDEF
3500029C  E59FB648		ldr r11, [pc, #+1608] ; 0xAFD1D
350002A0  E5DB0000		ldrb r0, [r11]

#78			AND		ME6 {R:14$2}
(*) BOOL
350002A4  E59FB6B0		ldr r11, [pc, #+1712] ; 0x31000020
350002A8  E5DBB000		ldrb r11, [r11]
350002AC  E000000B		and r0, r0, r11

#79			ST		MT15 {R:14$1}
(*) BOOL
350002B0  E59FB6AC		ldr r11, [pc, #+1708] ; 0x31000022
350002B4  E5CB0000		strb r0, [r11]

#80		 
#81			(* Network 15 *)
#82			LD		SV {R:15$0}
(*) UNDEF
350002B8  E59FB628		ldr r11, [pc, #+1576] ; 0xAFD1C
350002BC  E5DB0000		ldrb r0, [r11]

#83			AND		ME7 {R:15$2}
(*) BOOL
350002C0  E59FB6A0		ldr r11, [pc, #+1696] ; 0x31000023
350002C4  E5DBB000		ldrb r11, [r11]
350002C8  E000000B		and r0, r0, r11

#84			ST		MT8 {R:15$1}
(*) BOOL
350002CC  E59FB698		ldr r11, [pc, #+1688] ; 0x31000024
350002D0  E5CB0000		strb r0, [r11]

#85		 
#86			(* Network 16 *)
#87			LD		SE {R:16$0}
(*) UNDEF
350002D4  E59FB610		ldr r11, [pc, #+1552] ; 0xAFD1D
350002D8  E5DB0000		ldrb r0, [r11]

#88			AND		ME7 {R:16$2}
(*) BOOL
350002DC  E59FB684		ldr r11, [pc, #+1668] ; 0x31000023
350002E0  E5DBB000		ldrb r11, [r11]
350002E4  E000000B		and r0, r0, r11

#89			ST		MT16 {R:16$1}
(*) BOOL
350002E8  E59FB680		ldr r11, [pc, #+1664] ; 0x31000025
350002EC  E5CB0000		strb r0, [r11]

#90		 
#91			(* Network 17 *)
#92			LD		BA {R:17$0}
(*) UNDEF
350002F0  E59FB614		ldr r11, [pc, #+1556] ; 0xAFD25
350002F4  E5DB0000		ldrb r0, [r11]

#93			AND		ME0 {R:17$2}
(*) BOOL
350002F8  E59FB614		ldr r11, [pc, #+1556] ; 0x3100000E
350002FC  E5DBB000		ldrb r11, [r11]
35000300  E000000B		and r0, r0, r11

#94			ST		MT17 {R:17$1}
(*) BOOL
35000304  E59FB668		ldr r11, [pc, #+1640] ; 0x31000026
35000308  E5CB0000		strb r0, [r11]

#95		 
#96			(* Network 18 *)
#97			LD		SV {R:18$0}
(*) UNDEF
3500030C  E59FB5D4		ldr r11, [pc, #+1492] ; 0xAFD1C
35000310  E5DB0000		ldrb r0, [r11]

#98			AND		ME8 {R:18$2}
(*) BOOL
35000314  E59FB65C		ldr r11, [pc, #+1628] ; 0x31000027
35000318  E5DBB000		ldrb r11, [r11]
3500031C  E000000B		and r0, r0, r11

#99			ST		MT18 {R:18$1}
(*) BOOL
35000320  E59FB654		ldr r11, [pc, #+1620] ; 0x31000028
35000324  E5CB0000		strb r0, [r11]

#100		 
#101			(* Network 19 *)
#102			LD		SE {R:19$0}
(*) UNDEF
35000328  E59FB5BC		ldr r11, [pc, #+1468] ; 0xAFD1D
3500032C  E5DB0000		ldrb r0, [r11]

#103			AND		ME8 {R:19$2}
(*) BOOL
35000330  E59FB640		ldr r11, [pc, #+1600] ; 0x31000027
35000334  E5DBB000		ldrb r11, [r11]
35000338  E000000B		and r0, r0, r11

#104			ST		MT19 {R:19$1}
(*) BOOL
3500033C  E59FB63C		ldr r11, [pc, #+1596] ; 0x31000029
35000340  E5CB0000		strb r0, [r11]

#105		 
#106			(* Network 20 *)
#107			LD		SA {R:20$0}
(*) UNDEF
35000344  E59FB58C		ldr r11, [pc, #+1420] ; 0xAFD18
35000348  E5DB0000		ldrb r0, [r11]

#108			AND		ME9 {R:20$2}
(*) BOOL
3500034C  E59FB630		ldr r11, [pc, #+1584] ; 0x3100002A
35000350  E5DBB000		ldrb r11, [r11]
35000354  E000000B		and r0, r0, r11

#109			ST		MT20 {R:20$1}
(*) BOOL
35000358  E59FB628		ldr r11, [pc, #+1576] ; 0x3100002B
3500035C  E5CB0000		strb r0, [r11]

#110		 
#111			(* Network 21 *)
#112			LD		SE {R:21$0}
(*) UNDEF
35000360  E59FB584		ldr r11, [pc, #+1412] ; 0xAFD1D
35000364  E5DB0000		ldrb r0, [r11]

#113			AND		ME9 {R:21$2}
(*) BOOL
35000368  E59FB614		ldr r11, [pc, #+1556] ; 0x3100002A
3500036C  E5DBB000		ldrb r11, [r11]
35000370  E000000B		and r0, r0, r11

#114			ST		MT21 {R:21$1}
(*) BOOL
35000374  E59FB610		ldr r11, [pc, #+1552] ; 0x3100002C
35000378  E5CB0000		strb r0, [r11]

#115		 
#116			(* Network 22 *)
#117			LD		SB {R:22$0}
(*) UNDEF
3500037C  E59FB558		ldr r11, [pc, #+1368] ; 0xAFD19
35000380  E5DB0000		ldrb r0, [r11]

#118			AND		ME10 {R:22$2}
(*) BOOL
35000384  E59FB604		ldr r11, [pc, #+1540] ; 0x3100002D
35000388  E5DBB000		ldrb r11, [r11]
3500038C  E000000B		and r0, r0, r11

#119			ST		MT22 {R:22$1}
(*) BOOL
35000390  E59FB5FC		ldr r11, [pc, #+1532] ; 0x3100002E
35000394  E5CB0000		strb r0, [r11]

#120		 
#121			(* Network 23 *)
#122			LD		SE {R:23$0}
(*) UNDEF
35000398  E59FB54C		ldr r11, [pc, #+1356] ; 0xAFD1D
3500039C  E5DB0000		ldrb r0, [r11]

#123			AND		ME10 {R:23$2}
(*) BOOL
350003A0  E59FB5E8		ldr r11, [pc, #+1512] ; 0x3100002D
350003A4  E5DBB000		ldrb r11, [r11]
350003A8  E000000B		and r0, r0, r11

#124			ST		MT23 {R:23$1}
(*) BOOL
350003AC  E59FB5E4		ldr r11, [pc, #+1508] ; 0x3100002F
350003B0  E5CB0000		strb r0, [r11]

#125		 
#126			(* Network 24 *)
#127			LD		LLS {R:24$0}
(*) UNDEF
350003B4  E59FB524		ldr r11, [pc, #+1316] ; 0xAFD1A
350003B8  E5DB0000		ldrb r0, [r11]

#128			AND		ME11 {R:24$2}
(*) BOOL
350003BC  E59FB5D8		ldr r11, [pc, #+1496] ; 0x31000030
350003C0  E5DBB000		ldrb r11, [r11]
350003C4  E000000B		and r0, r0, r11

#129			ST		MT24 {R:24$1}
(*) BOOL
350003C8  E59FB5D0		ldr r11, [pc, #+1488] ; 0x31000031
350003CC  E5CB0000		strb r0, [r11]

#130		 
#131			(* Network 25 *)
#132			LD		SE {R:25$0}
(*) UNDEF
350003D0  E59FB514		ldr r11, [pc, #+1300] ; 0xAFD1D
350003D4  E5DB0000		ldrb r0, [r11]

#133			AND		ME11 {R:25$2}
(*) BOOL
350003D8  E59FB5BC		ldr r11, [pc, #+1468] ; 0x31000030
350003DC  E5DBB000		ldrb r11, [r11]
350003E0  E000000B		and r0, r0, r11

#134			ST		MT25 {R:25$1}
(*) BOOL
350003E4  E59FB5B8		ldr r11, [pc, #+1464] ; 0x31000032
350003E8  E5CB0000		strb r0, [r11]

#135		 
#136			(* Network 26 *)
#137			LD		C10 {R:26$0}
(*) UNDEF
350003EC  E59FB4F0		ldr r11, [pc, #+1264] ; 0xAFD1B
350003F0  E5DB0000		ldrb r0, [r11]

#138			AND		ME12 {R:26$2}
(*) BOOL
350003F4  E59FB5AC		ldr r11, [pc, #+1452] ; 0x31000033
350003F8  E5DBB000		ldrb r11, [r11]
350003FC  E000000B		and r0, r0, r11

#139			ST		MT26 {R:26$1}
(*) BOOL
35000400  E59FB5A4		ldr r11, [pc, #+1444] ; 0x31000034
35000404  E5CB0000		strb r0, [r11]

#140		 
#141			(* Network 27 *)
#142			LD		SE {R:27$0}
(*) UNDEF
35000408  E59FB4DC		ldr r11, [pc, #+1244] ; 0xAFD1D
3500040C  E5DB0000		ldrb r0, [r11]

#143			AND		ME12 {R:27$2}
(*) BOOL
35000410  E59FB590		ldr r11, [pc, #+1424] ; 0x31000033
35000414  E5DBB000		ldrb r11, [r11]
35000418  E000000B		and r0, r0, r11

#144			ST		MT27 {R:27$1}
(*) BOOL
3500041C  E59FB58C		ldr r11, [pc, #+1420] ; 0x31000035
35000420  E5CB0000		strb r0, [r11]

#145		 
#146			(* Network 28 *)
#147			LD		SV {R:28$0}
(*) UNDEF
35000424  E59FB4BC		ldr r11, [pc, #+1212] ; 0xAFD1C
35000428  E5DB0000		ldrb r0, [r11]

#148			AND		ME13 {R:28$2}
(*) BOOL
3500042C  E59FB580		ldr r11, [pc, #+1408] ; 0x31000036
35000430  E5DBB000		ldrb r11, [r11]
35000434  E000000B		and r0, r0, r11

#149			ST		MT28 {R:28$1}
(*) BOOL
35000438  E59FB578		ldr r11, [pc, #+1400] ; 0x31000037
3500043C  E5CB0000		strb r0, [r11]

#150		 
#151			(* Network 29 *)
#152			LD		SE {R:29$0}
(*) UNDEF
35000440  E59FB4A4		ldr r11, [pc, #+1188] ; 0xAFD1D
35000444  E5DB0000		ldrb r0, [r11]

#153			AND		ME13 {R:29$2}
(*) BOOL
35000448  E59FB564		ldr r11, [pc, #+1380] ; 0x31000036
3500044C  E5DBB000		ldrb r11, [r11]
35000450  E000000B		and r0, r0, r11

#154			ST		MT29 {R:29$1}
(*) BOOL
35000454  E59FB560		ldr r11, [pc, #+1376] ; 0x31000038
35000458  E5CB0000		strb r0, [r11]

#155		 
#156			(* Network 30 *)
#157			LDN		SE {R:30$0}
(*) UNDEF
3500045C  E59FB488		ldr r11, [pc, #+1160] ; 0xAFD1D
35000460  E5DB0000		ldrb r0, [r11]
35000464  E3500000		cmp r0, #0
35000468  03A00001		eqmov r0, #1
3500046C  13A00000		nemov r0, #0

#158			AND		ME14 {R:30$2}
(*) BOOL
35000470  E59FB548		ldr r11, [pc, #+1352] ; 0x31000039
35000474  E5DBB000		ldrb r11, [r11]
35000478  E000000B		and r0, r0, r11

#159			ST		MT30 {R:30$1}
(*) BOOL
3500047C  E59FB540		ldr r11, [pc, #+1344] ; 0x3100003A
35000480  E5CB0000		strb r0, [r11]

#160		 
#161			(* Network 31 *)
#162			LDN		ME1 {R:31$0}
(*) UNDEF
35000484  E59FB494		ldr r11, [pc, #+1172] ; 0x31000011
35000488  E5DB0000		ldrb r0, [r11]
3500048C  E3500000		cmp r0, #0
35000490  03A00001		eqmov r0, #1
35000494  13A00000		nemov r0, #0

#163			ANDN		ME2 {R:31$2}
(*) BOOL
35000498  E59FB48C		ldr r11, [pc, #+1164] ; 0x31000014
3500049C  E5DBB000		ldrb r11, [r11]
350004A0  E35B0000		cmp r11, #0
350004A4  03A0B001		eqmov r11, #1
350004A8  13A0B000		nemov r11, #0
350004AC  E000000B		and r0, r0, r11

#164			ANDN		ME3 {R:31$4}
(*) BOOL
350004B0  E59FB480		ldr r11, [pc, #+1152] ; 0x31000017
350004B4  E5DBB000		ldrb r11, [r11]
350004B8  E35B0000		cmp r11, #0
350004BC  03A0B001		eqmov r11, #1
350004C0  13A0B000		nemov r11, #0
350004C4  E000000B		and r0, r0, r11

#165			ANDN		ME4 {R:31$5}
(*) BOOL
350004C8  E59FB474		ldr r11, [pc, #+1140] ; 0x3100001A
350004CC  E5DBB000		ldrb r11, [r11]
350004D0  E35B0000		cmp r11, #0
350004D4  03A0B001		eqmov r11, #1
350004D8  13A0B000		nemov r11, #0
350004DC  E000000B		and r0, r0, r11

#166			ANDN		ME5 {R:31$6}
(*) BOOL
350004E0  E59FB468		ldr r11, [pc, #+1128] ; 0x3100001D
350004E4  E5DBB000		ldrb r11, [r11]
350004E8  E35B0000		cmp r11, #0
350004EC  03A0B001		eqmov r11, #1
350004F0  13A0B000		nemov r11, #0
350004F4  E000000B		and r0, r0, r11

#167			ANDN		ME6 {R:31$7}
(*) BOOL
350004F8  E59FB45C		ldr r11, [pc, #+1116] ; 0x31000020
350004FC  E5DBB000		ldrb r11, [r11]
35000500  E35B0000		cmp r11, #0
35000504  03A0B001		eqmov r11, #1
35000508  13A0B000		nemov r11, #0
3500050C  E000000B		and r0, r0, r11

#168			ANDN		ME7 {R:31$8}
(*) BOOL
35000510  E59FB450		ldr r11, [pc, #+1104] ; 0x31000023
35000514  E5DBB000		ldrb r11, [r11]
35000518  E35B0000		cmp r11, #0
3500051C  03A0B001		eqmov r11, #1
35000520  13A0B000		nemov r11, #0
35000524  E000000B		and r0, r0, r11

#169			ANDN		ME8 {R:31$9}
(*) BOOL
35000528  E59FB448		ldr r11, [pc, #+1096] ; 0x31000027
3500052C  E5DBB000		ldrb r11, [r11]
35000530  E35B0000		cmp r11, #0
35000534  03A0B001		eqmov r11, #1
35000538  13A0B000		nemov r11, #0
3500053C  E000000B		and r0, r0, r11

#170			ANDN		ME9 {R:31$10}
(*) BOOL
35000540  E59FB43C		ldr r11, [pc, #+1084] ; 0x3100002A
35000544  E5DBB000		ldrb r11, [r11]
35000548  E35B0000		cmp r11, #0
3500054C  03A0B001		eqmov r11, #1
35000550  13A0B000		nemov r11, #0
35000554  E000000B		and r0, r0, r11

#171			ANDN		ME10 {R:31$11}
(*) BOOL
35000558  E59FB430		ldr r11, [pc, #+1072] ; 0x3100002D
3500055C  E5DBB000		ldrb r11, [r11]
35000560  E35B0000		cmp r11, #0
35000564  03A0B001		eqmov r11, #1
35000568  13A0B000		nemov r11, #0
3500056C  E000000B		and r0, r0, r11

#172			ANDN		ME11 {R:31$12}
(*) BOOL
35000570  E59FB424		ldr r11, [pc, #+1060] ; 0x31000030
35000574  E5DBB000		ldrb r11, [r11]
35000578  E35B0000		cmp r11, #0
3500057C  03A0B001		eqmov r11, #1
35000580  13A0B000		nemov r11, #0
35000584  E000000B		and r0, r0, r11

#173			ANDN		ME12 {R:31$13}
(*) BOOL
35000588  E59FB418		ldr r11, [pc, #+1048] ; 0x31000033
3500058C  E5DBB000		ldrb r11, [r11]
35000590  E35B0000		cmp r11, #0
35000594  03A0B001		eqmov r11, #1
35000598  13A0B000		nemov r11, #0
3500059C  E000000B		and r0, r0, r11

#174			ANDN		ME13 {R:31$14}
(*) BOOL
350005A0  E59FB40C		ldr r11, [pc, #+1036] ; 0x31000036
350005A4  E5DBB000		ldrb r11, [r11]
350005A8  E35B0000		cmp r11, #0
350005AC  03A0B001		eqmov r11, #1
350005B0  13A0B000		nemov r11, #0
350005B4  E000000B		and r0, r0, r11

#175			ANDN		ME14 {R:31$15}
(*) BOOL
350005B8  E59FB400		ldr r11, [pc, #+1024] ; 0x31000039
350005BC  E5DBB000		ldrb r11, [r11]
350005C0  E35B0000		cmp r11, #0
350005C4  03A0B001		eqmov r11, #1
350005C8  13A0B000		nemov r11, #0
350005CC  E000000B		and r0, r0, r11

#176			S		ME0 {R:31$1}
(*) BOOL
350005D0  E3500000		cmp r0, #0
350005D4  0A000006		beq #0x000018
350005D8  E24DD008		sub sp, sp, #8
350005DC  E58D0000		str r0, [sp]
350005E0  E3A00001		mov r0, #1
350005E4  E59FB328		ldr r11, [pc, #+808] ; 0x3100000E
350005E8  E5CB0000		strb r0, [r11]
350005EC  E59D0000		ldr r0, [sp]
350005F0  E28DD008		add sp, sp, #8

#177		 
#178			(* Network 32 *)
#179			LD		ME0 {R:32$0}
(*) UNDEF
350005F4  E59FB318		ldr r11, [pc, #+792] ; 0x3100000E
350005F8  E5DB0000		ldrb r0, [r11]

#180			AND		MT1 {R:32$3}
(*) BOOL
350005FC  E59FB314		ldr r11, [pc, #+788] ; 0x3100000F
35000600  E5DBB000		ldrb r11, [r11]
35000604  E000000B		and r0, r0, r11

#181			S		ME1 {R:32$1}
(*) BOOL
35000608  E3500000		cmp r0, #0
3500060C  0A000006		beq #0x000018
35000610  E24DD008		sub sp, sp, #8
35000614  E58D0000		str r0, [sp]
35000618  E3A00001		mov r0, #1
3500061C  E59FB2FC		ldr r11, [pc, #+764] ; 0x31000011
35000620  E5CB0000		strb r0, [r11]
35000624  E59D0000		ldr r0, [sp]
35000628  E28DD008		add sp, sp, #8

#182			R		ME0 {R:32$2}
(*) BOOL
3500062C  E3500000		cmp r0, #0
35000630  0A000006		beq #0x000018
35000634  E24DD008		sub sp, sp, #8
35000638  E58D0000		str r0, [sp]
3500063C  E3A00000		mov r0, #0
35000640  E59FB2CC		ldr r11, [pc, #+716] ; 0x3100000E
35000644  E5CB0000		strb r0, [r11]
35000648  E59D0000		ldr r0, [sp]
3500064C  E28DD008		add sp, sp, #8

#183		 
#184			(* Network 33 *)
#185			LD		ME0 {R:33$0}
(*) UNDEF
35000650  E59FB2BC		ldr r11, [pc, #+700] ; 0x3100000E
35000654  E5DB0000		ldrb r0, [r11]

#186			AND		MT9 {R:33$3}
(*) BOOL
35000658  E59FB2BC		ldr r11, [pc, #+700] ; 0x31000010
3500065C  E5DBB000		ldrb r11, [r11]
35000660  E000000B		and r0, r0, r11

#187			S		ME14 {R:33$1}
(*) BOOL
35000664  E3500000		cmp r0, #0
35000668  0A000006		beq #0x000018
3500066C  E24DD008		sub sp, sp, #8
35000670  E58D0000		str r0, [sp]
35000674  E3A00001		mov r0, #1
35000678  E59FB340		ldr r11, [pc, #+832] ; 0x31000039
3500067C  E5CB0000		strb r0, [r11]
35000680  E59D0000		ldr r0, [sp]
35000684  E28DD008		add sp, sp, #8

#188			R		ME0 {R:33$2}
(*) BOOL
35000688  E3500000		cmp r0, #0
3500068C  0A000006		beq #0x000018
35000690  E24DD008		sub sp, sp, #8
35000694  E58D0000		str r0, [sp]
35000698  E3A00000		mov r0, #0
3500069C  E59FB270		ldr r11, [pc, #+624] ; 0x3100000E
350006A0  E5CB0000		strb r0, [r11]
350006A4  E59D0000		ldr r0, [sp]
350006A8  E28DD008		add sp, sp, #8

#189		 
#190			(* Network 34 *)
#191			LD		ME1 {R:34$0}
(*) UNDEF
350006AC  E59FB26C		ldr r11, [pc, #+620] ; 0x31000011
350006B0  E5DB0000		ldrb r0, [r11]

#192			AND		MT2 {R:34$3}
(*) BOOL
350006B4  E59FB268		ldr r11, [pc, #+616] ; 0x31000012
350006B8  E5DBB000		ldrb r11, [r11]
350006BC  E000000B		and r0, r0, r11

#193			S		ME2 {R:34$1}
(*) BOOL
350006C0  E3500000		cmp r0, #0
350006C4  0A000006		beq #0x000018
350006C8  E24DD008		sub sp, sp, #8
350006CC  E58D0000		str r0, [sp]
350006D0  E3A00001		mov r0, #1
350006D4  E59FB250		ldr r11, [pc, #+592] ; 0x31000014
350006D8  E5CB0000		strb r0, [r11]
350006DC  E59D0000		ldr r0, [sp]
350006E0  E28DD008		add sp, sp, #8

#194			R		ME1 {R:34$2}
(*) BOOL
350006E4  E3500000		cmp r0, #0
350006E8  0A000006		beq #0x000018
350006EC  E24DD008		sub sp, sp, #8
350006F0  E58D0000		str r0, [sp]
350006F4  E3A00000		mov r0, #0
350006F8  E59FB220		ldr r11, [pc, #+544] ; 0x31000011
350006FC  E5CB0000		strb r0, [r11]
35000700  E59D0000		ldr r0, [sp]
35000704  E28DD008		add sp, sp, #8

#195		 
#196			(* Network 35 *)
#197			LD		ME1 {R:35$0}
(*) UNDEF
35000708  E59FB210		ldr r11, [pc, #+528] ; 0x31000011
3500070C  E5DB0000		ldrb r0, [r11]

#198			AND		MT10 {R:35$3}
(*) BOOL
35000710  E59FB210		ldr r11, [pc, #+528] ; 0x31000013
35000714  E5DBB000		ldrb r11, [r11]
35000718  E000000B		and r0, r0, r11

#199			S		ME14 {R:35$1}
(*) BOOL
3500071C  E3500000		cmp r0, #0
35000720  0A000006		beq #0x000018
35000724  E24DD008		sub sp, sp, #8
35000728  E58D0000		str r0, [sp]
3500072C  E3A00001		mov r0, #1
35000730  E59FB288		ldr r11, [pc, #+648] ; 0x31000039
35000734  E5CB0000		strb r0, [r11]
35000738  E59D0000		ldr r0, [sp]
3500073C  E28DD008		add sp, sp, #8

#200			R		ME1 {R:35$2}
(*) BOOL
35000740  E3500000		cmp r0, #0
35000744  0A000006		beq #0x000018
35000748  E24DD008		sub sp, sp, #8
3500074C  E58D0000		str r0, [sp]
35000750  E3A00000		mov r0, #0
35000754  E59FB1C4		ldr r11, [pc, #+452] ; 0x31000011
35000758  E5CB0000		strb r0, [r11]
3500075C  E59D0000		ldr r0, [sp]
35000760  E28DD008		add sp, sp, #8

#201		 
#202			(* Network 36 *)
#203			LD		ME2 {R:36$0}
(*) UNDEF
35000764  E59FB1C0		ldr r11, [pc, #+448] ; 0x31000014
35000768  E5DB0000		ldrb r0, [r11]

#204			AND		MT3 {R:36$3}
(*) BOOL
3500076C  E59FB1BC		ldr r11, [pc, #+444] ; 0x31000015
35000770  E5DBB000		ldrb r11, [r11]
35000774  E000000B		and r0, r0, r11

#205			S		ME3 {R:36$1}
(*) BOOL
35000778  E3500000		cmp r0, #0
3500077C  0A000006		beq #0x000018
35000780  E24DD008		sub sp, sp, #8
35000784  E58D0000		str r0, [sp]
35000788  E3A00001		mov r0, #1
3500078C  E59FB1A4		ldr r11, [pc, #+420] ; 0x31000017
35000790  E5CB0000		strb r0, [r11]
35000794  E59D0000		ldr r0, [sp]
35000798  E28DD008		add sp, sp, #8

#206			R		ME2 {R:36$2}
(*) BOOL
3500079C  E3500000		cmp r0, #0
350007A0  0A000006		beq #0x000018
350007A4  E24DD008		sub sp, sp, #8
350007A8  E58D0000		str r0, [sp]
350007AC  E3A00000		mov r0, #0
350007B0  E59FB174		ldr r11, [pc, #+372] ; 0x31000014
350007B4  E5CB0000		strb r0, [r11]
350007B8  E59D0000		ldr r0, [sp]
350007BC  E28DD008		add sp, sp, #8

#207		 
#208			(* Network 37 *)
#209			LD		ME2 {R:37$0}
(*) UNDEF
350007C0  E59FB164		ldr r11, [pc, #+356] ; 0x31000014
350007C4  E5DB0000		ldrb r0, [r11]

#210			AND		MT11 {R:37$3}
(*) BOOL
350007C8  E59FB164		ldr r11, [pc, #+356] ; 0x31000016
350007CC  E5DBB000		ldrb r11, [r11]
350007D0  E000000B		and r0, r0, r11

#211			S		ME14 {R:37$1}
(*) BOOL
350007D4  E3500000		cmp r0, #0
350007D8  0A000006		beq #0x000018
350007DC  E24DD008		sub sp, sp, #8
350007E0  E58D0000		str r0, [sp]
350007E4  E3A00001		mov r0, #1
350007E8  E59FB1D0		ldr r11, [pc, #+464] ; 0x31000039
350007EC  E5CB0000		strb r0, [r11]
350007F0  E59D0000		ldr r0, [sp]
350007F4  E28DD008		add sp, sp, #8

#212			R		ME2 {R:37$2}
(*) BOOL
350007F8  E3500000		cmp r0, #0
350007FC  0A000006		beq #0x000018
35000800  E24DD008		sub sp, sp, #8
35000804  E58D0000		str r0, [sp]
35000808  E3A00000		mov r0, #0
3500080C  E59FB118		ldr r11, [pc, #+280] ; 0x31000014
35000810  E5CB0000		strb r0, [r11]
35000814  E59D0000		ldr r0, [sp]
35000818  E28DD008		add sp, sp, #8

#213		 
#214			(* Network 38 *)
#215			LD		ME3 {R:38$0}
(*) UNDEF
3500081C  E59FB114		ldr r11, [pc, #+276] ; 0x31000017
35000820  E5DB0000		ldrb r0, [r11]

#216			AND		MT4 {R:38$3}
(*) BOOL
35000824  E59FB110		ldr r11, [pc, #+272] ; 0x31000018
35000828  E5DBB000		ldrb r11, [r11]
3500082C  E000000B		and r0, r0, r11

#217			S		ME4 {R:38$1}
(*) BOOL
35000830  E3500000		cmp r0, #0
35000834  0A000006		beq #0x000018
35000838  E24DD008		sub sp, sp, #8
3500083C  E58D0000		str r0, [sp]
35000840  E3A00001		mov r0, #1
35000844  E59FB0F8		ldr r11, [pc, #+248] ; 0x3100001A
35000848  E5CB0000		strb r0, [r11]
3500084C  E59D0000		ldr r0, [sp]
35000850  E28DD008		add sp, sp, #8

#218			R		ME3 {R:38$2}
(*) BOOL
35000854  E3500000		cmp r0, #0
35000858  0A000006		beq #0x000018
3500085C  E24DD008		sub sp, sp, #8
35000860  E58D0000		str r0, [sp]
35000864  E3A00000		mov r0, #0
35000868  E59FB0C8		ldr r11, [pc, #+200] ; 0x31000017
3500086C  E5CB0000		strb r0, [r11]
35000870  E59D0000		ldr r0, [sp]
35000874  E28DD008		add sp, sp, #8

#219		 
#220			(* Network 39 *)
#221			LD		ME3 {R:39$0}
(*) UNDEF
35000878  E59FB0B8		ldr r11, [pc, #+184] ; 0x31000017
3500087C  E5DB0000		ldrb r0, [r11]

#222			AND		MT12 {R:39$3}
(*) BOOL
35000880  E59FB0B8		ldr r11, [pc, #+184] ; 0x31000019
35000884  E5DBB000		ldrb r11, [r11]
35000888  E000000B		and r0, r0, r11

#223			S		ME14 {R:39$1}
(*) BOOL
3500088C  E3500000		cmp r0, #0
35000890  0A000006		beq #0x000018
35000894  E24DD008		sub sp, sp, #8
35000898  E58D0000		str r0, [sp]
3500089C  E3A00001		mov r0, #1
350008A0  E59FB118		ldr r11, [pc, #+280] ; 0x31000039
350008A4  E5CB0000		strb r0, [r11]
350008A8  E59D0000		ldr r0, [sp]
350008AC  E28DD008		add sp, sp, #8

#224			R		ME3 {R:39$2}
(*) BOOL
350008B0  E3500000		cmp r0, #0
350008B4  0A000006		beq #0x000018
350008B8  E24DD008		sub sp, sp, #8
350008BC  E58D0000		str r0, [sp]
350008C0  E3A00000		mov r0, #0
350008C4  E59FB06C		ldr r11, [pc, #+108] ; 0x31000017
350008C8  E5CB0000		strb r0, [r11]
350008CC  E59D0000		ldr r0, [sp]
350008D0  E28DD008		add sp, sp, #8

350008D4  EA00003B		b #236

350008D8  FFFFFFFF		; 0x000AFD18
350008DC  FFFFFFFF		; 0x000AFD19
350008E0  FFFFFFFF		; 0x000AFD1A
350008E4  FFFFFFFF		; 0x000AFD1B
350008E8  FFFFFFFF		; 0x000AFD1C
350008EC  FFFFFFFF		; 0x000AFD1D
350008F0  FFFFFFFF		; 0x000AFD1E
350008F4  FFFFFFFF		; 0x000AFD1F
350008F8  FFFFFFFF		; 0x000AFD20
350008FC  FFFFFFFF		; 0x000AFD21
35000900  FFFFFFFF		; 0x000AFD22
35000904  FFFFFFFF		; 0x000AFD23
35000908  FFFFFFFF		; 0x000AFD24
3500090C  FFFFFFFF		; 0x000AFD25
35000910  FFFFFFFF		; 0x000AFD26
35000914  3100000E		; 0x3100000E
35000918  3100000F		; 0x3100000F
3500091C  31000010		; 0x31000010
35000920  31000011		; 0x31000011
35000924  31000012		; 0x31000012
35000928  31000013		; 0x31000013
3500092C  31000014		; 0x31000014
35000930  31000015		; 0x31000015
35000934  31000016		; 0x31000016
35000938  31000017		; 0x31000017
3500093C  31000018		; 0x31000018
35000940  31000019		; 0x31000019
35000944  3100001A		; 0x3100001A
35000948  3100001B		; 0x3100001B
3500094C  3100001C		; 0x3100001C
35000950  3100001D		; 0x3100001D
35000954  3100001E		; 0x3100001E
35000958  3100001F		; 0x3100001F
3500095C  31000020		; 0x31000020
35000960  31000021		; 0x31000021
35000964  31000022		; 0x31000022
35000968  31000023		; 0x31000023
3500096C  31000024		; 0x31000024
35000970  31000025		; 0x31000025
35000974  31000026		; 0x31000026
35000978  31000027		; 0x31000027
3500097C  31000028		; 0x31000028
35000980  31000029		; 0x31000029
35000984  3100002A		; 0x3100002A
35000988  3100002B		; 0x3100002B
3500098C  3100002C		; 0x3100002C
35000990  3100002D		; 0x3100002D
35000994  3100002E		; 0x3100002E
35000998  3100002F		; 0x3100002F
3500099C  31000030		; 0x31000030
350009A0  31000031		; 0x31000031
350009A4  31000032		; 0x31000032
350009A8  31000033		; 0x31000033
350009AC  31000034		; 0x31000034
350009B0  31000035		; 0x31000035
350009B4  31000036		; 0x31000036
350009B8  31000037		; 0x31000037
350009BC  31000038		; 0x31000038
350009C0  31000039		; 0x31000039
350009C4  3100003A		; 0x3100003A

#225		 
#226			(* Network 40 *)
#227			LD		ME4 {R:40$0}
(*) UNDEF
350009C8  E51FB08C		ldr r11, [pc, #-140] ; 0x3100001A
350009CC  E5DB0000		ldrb r0, [r11]

#228			AND		MT5 {R:40$3}
(*) BOOL
350009D0  E51FB090		ldr r11, [pc, #-144] ; 0x3100001B
350009D4  E5DBB000		ldrb r11, [r11]
350009D8  E000000B		and r0, r0, r11

#229			S		ME5 {R:40$1}
(*) BOOL
350009DC  E3500000		cmp r0, #0
350009E0  0A000006		beq #0x000018
350009E4  E24DD008		sub sp, sp, #8
350009E8  E58D0000		str r0, [sp]
350009EC  E3A00001		mov r0, #1
350009F0  E51FB0A8		ldr r11, [pc, #-168] ; 0x3100001D
350009F4  E5CB0000		strb r0, [r11]
350009F8  E59D0000		ldr r0, [sp]
350009FC  E28DD008		add sp, sp, #8

#230			R		ME4 {R:40$2}
(*) BOOL
35000A00  E3500000		cmp r0, #0
35000A04  0A000006		beq #0x000018
35000A08  E24DD008		sub sp, sp, #8
35000A0C  E58D0000		str r0, [sp]
35000A10  E3A00000		mov r0, #0
35000A14  E51FB0D8		ldr r11, [pc, #-216] ; 0x3100001A
35000A18  E5CB0000		strb r0, [r11]
35000A1C  E59D0000		ldr r0, [sp]
35000A20  E28DD008		add sp, sp, #8

#231		 
#232			(* Network 41 *)
#233			LD		ME4 {R:41$0}
(*) UNDEF
35000A24  E51FB0E8		ldr r11, [pc, #-232] ; 0x3100001A
35000A28  E5DB0000		ldrb r0, [r11]

#234			AND		MT13 {R:41$3}
(*) BOOL
35000A2C  E51FB0E8		ldr r11, [pc, #-232] ; 0x3100001C
35000A30  E5DBB000		ldrb r11, [r11]
35000A34  E000000B		and r0, r0, r11

#235			S		ME14 {R:41$1}
(*) BOOL
35000A38  E3500000		cmp r0, #0
35000A3C  0A000006		beq #0x000018
35000A40  E24DD008		sub sp, sp, #8
35000A44  E58D0000		str r0, [sp]
35000A48  E3A00001		mov r0, #1
35000A4C  E51FB094		ldr r11, [pc, #-148] ; 0x31000039
35000A50  E5CB0000		strb r0, [r11]
35000A54  E59D0000		ldr r0, [sp]
35000A58  E28DD008		add sp, sp, #8

#236			R		ME4 {R:41$2}
(*) BOOL
35000A5C  E3500000		cmp r0, #0
35000A60  0A000006		beq #0x000018
35000A64  E24DD008		sub sp, sp, #8
35000A68  E58D0000		str r0, [sp]
35000A6C  E3A00000		mov r0, #0
35000A70  E51FB134		ldr r11, [pc, #-308] ; 0x3100001A
35000A74  E5CB0000		strb r0, [r11]
35000A78  E59D0000		ldr r0, [sp]
35000A7C  E28DD008		add sp, sp, #8

#237		 
#238			(* Network 42 *)
#239			LD		ME5 {R:42$0}
(*) UNDEF
35000A80  E51FB138		ldr r11, [pc, #-312] ; 0x3100001D
35000A84  E5DB0000		ldrb r0, [r11]

#240			AND		MT6 {R:42$3}
(*) BOOL
35000A88  E51FB13C		ldr r11, [pc, #-316] ; 0x3100001E
35000A8C  E5DBB000		ldrb r11, [r11]
35000A90  E000000B		and r0, r0, r11

#241			S		ME6 {R:42$1}
(*) BOOL
35000A94  E3500000		cmp r0, #0
35000A98  0A000006		beq #0x000018
35000A9C  E24DD008		sub sp, sp, #8
35000AA0  E58D0000		str r0, [sp]
35000AA4  E3A00001		mov r0, #1
35000AA8  E51FB154		ldr r11, [pc, #-340] ; 0x31000020
35000AAC  E5CB0000		strb r0, [r11]
35000AB0  E59D0000		ldr r0, [sp]
35000AB4  E28DD008		add sp, sp, #8

#242			R		ME5 {R:42$2}
(*) BOOL
35000AB8  E3500000		cmp r0, #0
35000ABC  0A000006		beq #0x000018
35000AC0  E24DD008		sub sp, sp, #8
35000AC4  E58D0000		str r0, [sp]
35000AC8  E3A00000		mov r0, #0
35000ACC  E51FB184		ldr r11, [pc, #-388] ; 0x3100001D
35000AD0  E5CB0000		strb r0, [r11]
35000AD4  E59D0000		ldr r0, [sp]
35000AD8  E28DD008		add sp, sp, #8

#243		 
#244			(* Network 43 *)
#245			LD		ME5 {R:43$0}
(*) UNDEF
35000ADC  E51FB194		ldr r11, [pc, #-404] ; 0x3100001D
35000AE0  E5DB0000		ldrb r0, [r11]

#246			AND		MT14 {R:43$3}
(*) BOOL
35000AE4  E51FB194		ldr r11, [pc, #-404] ; 0x3100001F
35000AE8  E5DBB000		ldrb r11, [r11]
35000AEC  E000000B		and r0, r0, r11

#247			S		ME14 {R:43$1}
(*) BOOL
35000AF0  E3500000		cmp r0, #0
35000AF4  0A000006		beq #0x000018
35000AF8  E24DD008		sub sp, sp, #8
35000AFC  E58D0000		str r0, [sp]
35000B00  E3A00001		mov r0, #1
35000B04  E51FB14C		ldr r11, [pc, #-332] ; 0x31000039
35000B08  E5CB0000		strb r0, [r11]
35000B0C  E59D0000		ldr r0, [sp]
35000B10  E28DD008		add sp, sp, #8

#248			R		ME5 {R:43$2}
(*) BOOL
35000B14  E3500000		cmp r0, #0
35000B18  0A000006		beq #0x000018
35000B1C  E24DD008		sub sp, sp, #8
35000B20  E58D0000		str r0, [sp]
35000B24  E3A00000		mov r0, #0
35000B28  E51FB1E0		ldr r11, [pc, #-480] ; 0x3100001D
35000B2C  E5CB0000		strb r0, [r11]
35000B30  E59D0000		ldr r0, [sp]
35000B34  E28DD008		add sp, sp, #8

#249		 
#250			(* Network 44 *)
#251			LD		ME6 {R:44$0}
(*) UNDEF
35000B38  E51FB1E4		ldr r11, [pc, #-484] ; 0x31000020
35000B3C  E5DB0000		ldrb r0, [r11]

#252			AND		MT7 {R:44$3}
(*) BOOL
35000B40  E51FB1E8		ldr r11, [pc, #-488] ; 0x31000021
35000B44  E5DBB000		ldrb r11, [r11]
35000B48  E000000B		and r0, r0, r11

#253			S		ME7 {R:44$1}
(*) BOOL
35000B4C  E3500000		cmp r0, #0
35000B50  0A000006		beq #0x000018
35000B54  E24DD008		sub sp, sp, #8
35000B58  E58D0000		str r0, [sp]
35000B5C  E3A00001		mov r0, #1
35000B60  E51FB200		ldr r11, [pc, #-512] ; 0x31000023
35000B64  E5CB0000		strb r0, [r11]
35000B68  E59D0000		ldr r0, [sp]
35000B6C  E28DD008		add sp, sp, #8

#254			R		ME6 {R:44$2}
(*) BOOL
35000B70  E3500000		cmp r0, #0
35000B74  0A000006		beq #0x000018
35000B78  E24DD008		sub sp, sp, #8
35000B7C  E58D0000		str r0, [sp]
35000B80  E3A00000		mov r0, #0
35000B84  E51FB230		ldr r11, [pc, #-560] ; 0x31000020
35000B88  E5CB0000		strb r0, [r11]
35000B8C  E59D0000		ldr r0, [sp]
35000B90  E28DD008		add sp, sp, #8

#255		 
#256			(* Network 45 *)
#257			LD		ME6 {R:45$0}
(*) UNDEF
35000B94  E51FB240		ldr r11, [pc, #-576] ; 0x31000020
35000B98  E5DB0000		ldrb r0, [r11]

#258			AND		MT15 {R:45$3}
(*) BOOL
35000B9C  E51FB240		ldr r11, [pc, #-576] ; 0x31000022
35000BA0  E5DBB000		ldrb r11, [r11]
35000BA4  E000000B		and r0, r0, r11

#259			S		ME14 {R:45$1}
(*) BOOL
35000BA8  E3500000		cmp r0, #0
35000BAC  0A000006		beq #0x000018
35000BB0  E24DD008		sub sp, sp, #8
35000BB4  E58D0000		str r0, [sp]
35000BB8  E3A00001		mov r0, #1
35000BBC  E51FB204		ldr r11, [pc, #-516] ; 0x31000039
35000BC0  E5CB0000		strb r0, [r11]
35000BC4  E59D0000		ldr r0, [sp]
35000BC8  E28DD008		add sp, sp, #8

#260			R		ME6 {R:45$2}
(*) BOOL
35000BCC  E3500000		cmp r0, #0
35000BD0  0A000006		beq #0x000018
35000BD4  E24DD008		sub sp, sp, #8
35000BD8  E58D0000		str r0, [sp]
35000BDC  E3A00000		mov r0, #0
35000BE0  E51FB28C		ldr r11, [pc, #-652] ; 0x31000020
35000BE4  E5CB0000		strb r0, [r11]
35000BE8  E59D0000		ldr r0, [sp]
35000BEC  E28DD008		add sp, sp, #8

#261		 
#262			(* Network 46 *)
#263			LD		ME7 {R:46$0}
(*) UNDEF
35000BF0  E51FB290		ldr r11, [pc, #-656] ; 0x31000023
35000BF4  E5DB0000		ldrb r0, [r11]

#264			AND		MT8 {R:46$3}
(*) BOOL
35000BF8  E51FB294		ldr r11, [pc, #-660] ; 0x31000024
35000BFC  E5DBB000		ldrb r11, [r11]
35000C00  E000000B		and r0, r0, r11

#265			S		ME0 {R:46$1}
(*) BOOL
35000C04  E3500000		cmp r0, #0
35000C08  0A000006		beq #0x000018
35000C0C  E24DD008		sub sp, sp, #8
35000C10  E58D0000		str r0, [sp]
35000C14  E3A00001		mov r0, #1
35000C18  E51FB30C		ldr r11, [pc, #-780] ; 0x3100000E
35000C1C  E5CB0000		strb r0, [r11]
35000C20  E59D0000		ldr r0, [sp]
35000C24  E28DD008		add sp, sp, #8

#266			R		ME7 {R:46$2}
(*) BOOL
35000C28  E3500000		cmp r0, #0
35000C2C  0A000006		beq #0x000018
35000C30  E24DD008		sub sp, sp, #8
35000C34  E58D0000		str r0, [sp]
35000C38  E3A00000		mov r0, #0
35000C3C  E51FB2DC		ldr r11, [pc, #-732] ; 0x31000023
35000C40  E5CB0000		strb r0, [r11]
35000C44  E59D0000		ldr r0, [sp]
35000C48  E28DD008		add sp, sp, #8

#267		 
#268			(* Network 47 *)
#269			LD		ME7 {R:47$0}
(*) UNDEF
35000C4C  E51FB2EC		ldr r11, [pc, #-748] ; 0x31000023
35000C50  E5DB0000		ldrb r0, [r11]

#270			AND		MT16 {R:47$3}
(*) BOOL
35000C54  E51FB2EC		ldr r11, [pc, #-748] ; 0x31000025
35000C58  E5DBB000		ldrb r11, [r11]
35000C5C  E000000B		and r0, r0, r11

#271			S		ME14 {R:47$1}
(*) BOOL
35000C60  E3500000		cmp r0, #0
35000C64  0A000006		beq #0x000018
35000C68  E24DD008		sub sp, sp, #8
35000C6C  E58D0000		str r0, [sp]
35000C70  E3A00001		mov r0, #1
35000C74  E51FB2BC		ldr r11, [pc, #-700] ; 0x31000039
35000C78  E5CB0000		strb r0, [r11]
35000C7C  E59D0000		ldr r0, [sp]
35000C80  E28DD008		add sp, sp, #8

#272			R		ME7 {R:47$2}
(*) BOOL
35000C84  E3500000		cmp r0, #0
35000C88  0A000006		beq #0x000018
35000C8C  E24DD008		sub sp, sp, #8
35000C90  E58D0000		str r0, [sp]
35000C94  E3A00000		mov r0, #0
35000C98  E51FB338		ldr r11, [pc, #-824] ; 0x31000023
35000C9C  E5CB0000		strb r0, [r11]
35000CA0  E59D0000		ldr r0, [sp]
35000CA4  E28DD008		add sp, sp, #8

#273		 
#274			(* Network 48 *)
#275			LD		ME0 {R:48$0}
(*) UNDEF
35000CA8  E51FB39C		ldr r11, [pc, #-924] ; 0x3100000E
35000CAC  E5DB0000		ldrb r0, [r11]

#276			AND		MT17 {R:48$2}
(*) BOOL
35000CB0  E51FB344		ldr r11, [pc, #-836] ; 0x31000026
35000CB4  E5DBB000		ldrb r11, [r11]
35000CB8  E000000B		and r0, r0, r11

#277			S		ME8 {R:48$1}
(*) BOOL
35000CBC  E3500000		cmp r0, #0
35000CC0  0A000006		beq #0x000018
35000CC4  E24DD008		sub sp, sp, #8
35000CC8  E58D0000		str r0, [sp]
35000CCC  E3A00001		mov r0, #1
35000CD0  E51FB360		ldr r11, [pc, #-864] ; 0x31000027
35000CD4  E5CB0000		strb r0, [r11]
35000CD8  E59D0000		ldr r0, [sp]
35000CDC  E28DD008		add sp, sp, #8

#278			R		ME0 {R:48$4}
(*) BOOL
35000CE0  E3500000		cmp r0, #0
35000CE4  0A000006		beq #0x000018
35000CE8  E24DD008		sub sp, sp, #8
35000CEC  E58D0000		str r0, [sp]
35000CF0  E3A00000		mov r0, #0
35000CF4  E51FB3E8		ldr r11, [pc, #-1000] ; 0x3100000E
35000CF8  E5CB0000		strb r0, [r11]
35000CFC  E59D0000		ldr r0, [sp]
35000D00  E28DD008		add sp, sp, #8

#279		 
#280			(* Network 49 *)
#281			LD		ME8 {R:49$0}
(*) UNDEF
35000D04  E51FB394		ldr r11, [pc, #-916] ; 0x31000027
35000D08  E5DB0000		ldrb r0, [r11]

#282			AND		MT18 {R:49$2}
(*) BOOL
35000D0C  E51FB398		ldr r11, [pc, #-920] ; 0x31000028
35000D10  E5DBB000		ldrb r11, [r11]
35000D14  E000000B		and r0, r0, r11

#283			S		ME9 {R:49$1}
(*) BOOL
35000D18  E3500000		cmp r0, #0
35000D1C  0A000006		beq #0x000018
35000D20  E24DD008		sub sp, sp, #8
35000D24  E58D0000		str r0, [sp]
35000D28  E3A00001		mov r0, #1
35000D2C  E51FB3B0		ldr r11, [pc, #-944] ; 0x3100002A
35000D30  E5CB0000		strb r0, [r11]
35000D34  E59D0000		ldr r0, [sp]
35000D38  E28DD008		add sp, sp, #8

#284			R		ME8 {R:49$4}
(*) BOOL
35000D3C  E3500000		cmp r0, #0
35000D40  0A000006		beq #0x000018
35000D44  E24DD008		sub sp, sp, #8
35000D48  E58D0000		str r0, [sp]
35000D4C  E3A00000		mov r0, #0
35000D50  E51FB3E0		ldr r11, [pc, #-992] ; 0x31000027
35000D54  E5CB0000		strb r0, [r11]
35000D58  E59D0000		ldr r0, [sp]
35000D5C  E28DD008		add sp, sp, #8

#285		 
#286			(* Network 50 *)
#287			LD		ME8 {R:50$0}
(*) UNDEF
35000D60  E51FB3F0		ldr r11, [pc, #-1008] ; 0x31000027
35000D64  E5DB0000		ldrb r0, [r11]

#288			AND		MT19 {R:50$2}
(*) BOOL
35000D68  E51FB3F0		ldr r11, [pc, #-1008] ; 0x31000029
35000D6C  E5DBB000		ldrb r11, [r11]
35000D70  E000000B		and r0, r0, r11

#289			S		ME14 {R:50$1}
(*) BOOL
35000D74  E3500000		cmp r0, #0
35000D78  0A000006		beq #0x000018
35000D7C  E24DD008		sub sp, sp, #8
35000D80  E58D0000		str r0, [sp]
35000D84  E3A00001		mov r0, #1
35000D88  E51FB3D0		ldr r11, [pc, #-976] ; 0x31000039
35000D8C  E5CB0000		strb r0, [r11]
35000D90  E59D0000		ldr r0, [sp]
35000D94  E28DD008		add sp, sp, #8

#290			R		ME8 {R:50$4}
(*) BOOL
35000D98  E3500000		cmp r0, #0
35000D9C  0A000006		beq #0x000018
35000DA0  E24DD008		sub sp, sp, #8
35000DA4  E58D0000		str r0, [sp]
35000DA8  E3A00000		mov r0, #0
35000DAC  E51FB43C		ldr r11, [pc, #-1084] ; 0x31000027
35000DB0  E5CB0000		strb r0, [r11]
35000DB4  E59D0000		ldr r0, [sp]
35000DB8  E28DD008		add sp, sp, #8

#291		 
#292			(* Network 51 *)
#293			LD		ME9 {R:51$0}
(*) UNDEF
35000DBC  E51FB440		ldr r11, [pc, #-1088] ; 0x3100002A
35000DC0  E5DB0000		ldrb r0, [r11]

#294			AND		MT20 {R:51$2}
(*) BOOL
35000DC4  E51FB444		ldr r11, [pc, #-1092] ; 0x3100002B
35000DC8  E5DBB000		ldrb r11, [r11]
35000DCC  E000000B		and r0, r0, r11

#295			S		ME10 {R:51$1}
(*) BOOL
35000DD0  E3500000		cmp r0, #0
35000DD4  0A000006		beq #0x000018
35000DD8  E24DD008		sub sp, sp, #8
35000DDC  E58D0000		str r0, [sp]
35000DE0  E3A00001		mov r0, #1
35000DE4  E51FB45C		ldr r11, [pc, #-1116] ; 0x3100002D
35000DE8  E5CB0000		strb r0, [r11]
35000DEC  E59D0000		ldr r0, [sp]
35000DF0  E28DD008		add sp, sp, #8

#296			R		ME9 {R:51$4}
(*) BOOL
35000DF4  E3500000		cmp r0, #0
35000DF8  0A000006		beq #0x000018
35000DFC  E24DD008		sub sp, sp, #8
35000E00  E58D0000		str r0, [sp]
35000E04  E3A00000		mov r0, #0
35000E08  E51FB48C		ldr r11, [pc, #-1164] ; 0x3100002A
35000E0C  E5CB0000		strb r0, [r11]
35000E10  E59D0000		ldr r0, [sp]
35000E14  E28DD008		add sp, sp, #8

#297		 
#298			(* Network 52 *)
#299			LD		ME9 {R:52$0}
(*) UNDEF
35000E18  E51FB49C		ldr r11, [pc, #-1180] ; 0x3100002A
35000E1C  E5DB0000		ldrb r0, [r11]

#300			AND		MT21 {R:52$2}
(*) BOOL
35000E20  E51FB49C		ldr r11, [pc, #-1180] ; 0x3100002C
35000E24  E5DBB000		ldrb r11, [r11]
35000E28  E000000B		and r0, r0, r11

#301			S		ME14 {R:52$1}
(*) BOOL
35000E2C  E3500000		cmp r0, #0
35000E30  0A000006		beq #0x000018
35000E34  E24DD008		sub sp, sp, #8
35000E38  E58D0000		str r0, [sp]
35000E3C  E3A00001		mov r0, #1
35000E40  E51FB488		ldr r11, [pc, #-1160] ; 0x31000039
35000E44  E5CB0000		strb r0, [r11]
35000E48  E59D0000		ldr r0, [sp]
35000E4C  E28DD008		add sp, sp, #8

#302			R		ME9 {R:52$4}
(*) BOOL
35000E50  E3500000		cmp r0, #0
35000E54  0A000006		beq #0x000018
35000E58  E24DD008		sub sp, sp, #8
35000E5C  E58D0000		str r0, [sp]
35000E60  E3A00000		mov r0, #0
35000E64  E51FB4E8		ldr r11, [pc, #-1256] ; 0x3100002A
35000E68  E5CB0000		strb r0, [r11]
35000E6C  E59D0000		ldr r0, [sp]
35000E70  E28DD008		add sp, sp, #8

#303		 
#304			(* Network 53 *)
#305			LD		ME10 {R:53$0}
(*) UNDEF
35000E74  E51FB4EC		ldr r11, [pc, #-1260] ; 0x3100002D
35000E78  E5DB0000		ldrb r0, [r11]

#306			AND		MT22 {R:53$2}
(*) BOOL
35000E7C  E51FB4F0		ldr r11, [pc, #-1264] ; 0x3100002E
35000E80  E5DBB000		ldrb r11, [r11]
35000E84  E000000B		and r0, r0, r11

#307			S		ME11 {R:53$1}
(*) BOOL
35000E88  E3500000		cmp r0, #0
35000E8C  0A000006		beq #0x000018
35000E90  E24DD008		sub sp, sp, #8
35000E94  E58D0000		str r0, [sp]
35000E98  E3A00001		mov r0, #1
35000E9C  E51FB508		ldr r11, [pc, #-1288] ; 0x31000030
35000EA0  E5CB0000		strb r0, [r11]
35000EA4  E59D0000		ldr r0, [sp]
35000EA8  E28DD008		add sp, sp, #8

#308			R		ME10 {R:53$4}
(*) BOOL
35000EAC  E3500000		cmp r0, #0
35000EB0  0A000006		beq #0x000018
35000EB4  E24DD008		sub sp, sp, #8
35000EB8  E58D0000		str r0, [sp]
35000EBC  E3A00000		mov r0, #0
35000EC0  E51FB538		ldr r11, [pc, #-1336] ; 0x3100002D
35000EC4  E5CB0000		strb r0, [r11]
35000EC8  E59D0000		ldr r0, [sp]
35000ECC  E28DD008		add sp, sp, #8

#309		 
#310			(* Network 54 *)
#311			LD		ME10 {R:54$0}
(*) UNDEF
35000ED0  E51FB548		ldr r11, [pc, #-1352] ; 0x3100002D
35000ED4  E5DB0000		ldrb r0, [r11]

#312			AND		MT23 {R:54$2}
(*) BOOL
35000ED8  E51FB548		ldr r11, [pc, #-1352] ; 0x3100002F
35000EDC  E5DBB000		ldrb r11, [r11]
35000EE0  E000000B		and r0, r0, r11

#313			S		ME14 {R:54$1}
(*) BOOL
35000EE4  E3500000		cmp r0, #0
35000EE8  0A000006		beq #0x000018
35000EEC  E24DD008		sub sp, sp, #8
35000EF0  E58D0000		str r0, [sp]
35000EF4  E3A00001		mov r0, #1
35000EF8  E51FB540		ldr r11, [pc, #-1344] ; 0x31000039
35000EFC  E5CB0000		strb r0, [r11]
35000F00  E59D0000		ldr r0, [sp]
35000F04  E28DD008		add sp, sp, #8

#314			R		ME10 {R:54$4}
(*) BOOL
35000F08  E3500000		cmp r0, #0
35000F0C  0A000006		beq #0x000018
35000F10  E24DD008		sub sp, sp, #8
35000F14  E58D0000		str r0, [sp]
35000F18  E3A00000		mov r0, #0
35000F1C  E51FB594		ldr r11, [pc, #-1428] ; 0x3100002D
35000F20  E5CB0000		strb r0, [r11]
35000F24  E59D0000		ldr r0, [sp]
35000F28  E28DD008		add sp, sp, #8

#315		 
#316			(* Network 55 *)
#317			LD		ME11 {R:55$0}
(*) UNDEF
35000F2C  E51FB598		ldr r11, [pc, #-1432] ; 0x31000030
35000F30  E5DB0000		ldrb r0, [r11]

#318			AND		MT24 {R:55$2}
(*) BOOL
35000F34  E51FB59C		ldr r11, [pc, #-1436] ; 0x31000031
35000F38  E5DBB000		ldrb r11, [r11]
35000F3C  E000000B		and r0, r0, r11

#319			S		ME12 {R:55$1}
(*) BOOL
35000F40  E3500000		cmp r0, #0
35000F44  0A000006		beq #0x000018
35000F48  E24DD008		sub sp, sp, #8
35000F4C  E58D0000		str r0, [sp]
35000F50  E3A00001		mov r0, #1
35000F54  E51FB5B4		ldr r11, [pc, #-1460] ; 0x31000033
35000F58  E5CB0000		strb r0, [r11]
35000F5C  E59D0000		ldr r0, [sp]
35000F60  E28DD008		add sp, sp, #8

#320			R		ME11 {R:55$4}
(*) BOOL
35000F64  E3500000		cmp r0, #0
35000F68  0A000006		beq #0x000018
35000F6C  E24DD008		sub sp, sp, #8
35000F70  E58D0000		str r0, [sp]
35000F74  E3A00000		mov r0, #0
35000F78  E51FB5E4		ldr r11, [pc, #-1508] ; 0x31000030
35000F7C  E5CB0000		strb r0, [r11]
35000F80  E59D0000		ldr r0, [sp]
35000F84  E28DD008		add sp, sp, #8

#321		 
#322			(* Network 56 *)
#323			LD		ME11 {R:56$0}
(*) UNDEF
35000F88  E51FB5F4		ldr r11, [pc, #-1524] ; 0x31000030
35000F8C  E5DB0000		ldrb r0, [r11]

#324			AND		MT25 {R:56$2}
(*) BOOL
35000F90  E51FB5F4		ldr r11, [pc, #-1524] ; 0x31000032
35000F94  E5DBB000		ldrb r11, [r11]
35000F98  E000000B		and r0, r0, r11

#325			S		ME14 {R:56$1}
(*) BOOL
35000F9C  E3500000		cmp r0, #0
35000FA0  0A000006		beq #0x000018
35000FA4  E24DD008		sub sp, sp, #8
35000FA8  E58D0000		str r0, [sp]
35000FAC  E3A00001		mov r0, #1
35000FB0  E51FB5F8		ldr r11, [pc, #-1528] ; 0x31000039
35000FB4  E5CB0000		strb r0, [r11]
35000FB8  E59D0000		ldr r0, [sp]
35000FBC  E28DD008		add sp, sp, #8

#326			R		ME11 {R:56$4}
(*) BOOL
35000FC0  E3500000		cmp r0, #0
35000FC4  0A000006		beq #0x000018
35000FC8  E24DD008		sub sp, sp, #8
35000FCC  E58D0000		str r0, [sp]
35000FD0  E3A00000		mov r0, #0
35000FD4  E51FB640		ldr r11, [pc, #-1600] ; 0x31000030
35000FD8  E5CB0000		strb r0, [r11]
35000FDC  E59D0000		ldr r0, [sp]
35000FE0  E28DD008		add sp, sp, #8

#327		 
#328			(* Network 57 *)
#329			LD		ME12 {R:57$0}
(*) UNDEF
35000FE4  E51FB644		ldr r11, [pc, #-1604] ; 0x31000033
35000FE8  E5DB0000		ldrb r0, [r11]

#330			AND		MT26 {R:57$2}
(*) BOOL
35000FEC  E51FB648		ldr r11, [pc, #-1608] ; 0x31000034
35000FF0  E5DBB000		ldrb r11, [r11]
35000FF4  E000000B		and r0, r0, r11

#331			S		ME13 {R:57$1}
(*) BOOL
35000FF8  E3500000		cmp r0, #0
35000FFC  0A000006		beq #0x000018
35001000  E24DD008		sub sp, sp, #8
35001004  E58D0000		str r0, [sp]
35001008  E3A00001		mov r0, #1
3500100C  E51FB660		ldr r11, [pc, #-1632] ; 0x31000036
35001010  E5CB0000		strb r0, [r11]
35001014  E59D0000		ldr r0, [sp]
35001018  E28DD008		add sp, sp, #8

#332			R		ME12 {R:57$4}
(*) BOOL
3500101C  E3500000		cmp r0, #0
35001020  0A000006		beq #0x000018
35001024  E24DD008		sub sp, sp, #8
35001028  E58D0000		str r0, [sp]
3500102C  E3A00000		mov r0, #0
35001030  E51FB690		ldr r11, [pc, #-1680] ; 0x31000033
35001034  E5CB0000		strb r0, [r11]
35001038  E59D0000		ldr r0, [sp]
3500103C  E28DD008		add sp, sp, #8

#333		 
#334			(* Network 58 *)
#335			LD		ME12 {R:58$0}
(*) UNDEF
35001040  E51FB6A0		ldr r11, [pc, #-1696] ; 0x31000033
35001044  E5DB0000		ldrb r0, [r11]

#336			AND		MT27 {R:58$2}
(*) BOOL
35001048  E51FB6A0		ldr r11, [pc, #-1696] ; 0x31000035
3500104C  E5DBB000		ldrb r11, [r11]
35001050  E000000B		and r0, r0, r11

#337			S		ME14 {R:58$1}
(*) BOOL
35001054  E3500000		cmp r0, #0
35001058  0A000006		beq #0x000018
3500105C  E24DD008		sub sp, sp, #8
35001060  E58D0000		str r0, [sp]
35001064  E3A00001		mov r0, #1
35001068  E51FB6B0		ldr r11, [pc, #-1712] ; 0x31000039
3500106C  E5CB0000		strb r0, [r11]
35001070  E59D0000		ldr r0, [sp]
35001074  E28DD008		add sp, sp, #8

#338			R		ME12 {R:58$4}
(*) BOOL
35001078  E3500000		cmp r0, #0
3500107C  0A000006		beq #0x000018
35001080  E24DD008		sub sp, sp, #8
35001084  E58D0000		str r0, [sp]
35001088  E3A00000		mov r0, #0
3500108C  E51FB6EC		ldr r11, [pc, #-1772] ; 0x31000033
35001090  E5CB0000		strb r0, [r11]
35001094  E59D0000		ldr r0, [sp]
35001098  E28DD008		add sp, sp, #8

#339		 
#340			(* Network 59 *)
#341			LD		ME13 {R:59$0}
(*) UNDEF
3500109C  E51FB6F0		ldr r11, [pc, #-1776] ; 0x31000036
350010A0  E5DB0000		ldrb r0, [r11]

#342			AND		MT28 {R:59$2}
(*) BOOL
350010A4  E51FB6F4		ldr r11, [pc, #-1780] ; 0x31000037
350010A8  E5DBB000		ldrb r11, [r11]
350010AC  E000000B		and r0, r0, r11

#343			S		ME0 {R:59$1}
(*) BOOL
350010B0  E3500000		cmp r0, #0
350010B4  0A000006		beq #0x000018
350010B8  E24DD008		sub sp, sp, #8
350010BC  E58D0000		str r0, [sp]
350010C0  E3A00001		mov r0, #1
350010C4  E51FB7B8		ldr r11, [pc, #-1976] ; 0x3100000E
350010C8  E5CB0000		strb r0, [r11]
350010CC  E59D0000		ldr r0, [sp]
350010D0  E28DD008		add sp, sp, #8

#344			R		ME13 {R:59$4}
(*) BOOL
350010D4  E3500000		cmp r0, #0
350010D8  0A000006		beq #0x000018
350010DC  E24DD008		sub sp, sp, #8
350010E0  E58D0000		str r0, [sp]
350010E4  E3A00000		mov r0, #0
350010E8  E51FB73C		ldr r11, [pc, #-1852] ; 0x31000036
350010EC  E5CB0000		strb r0, [r11]
350010F0  E59D0000		ldr r0, [sp]
350010F4  E28DD008		add sp, sp, #8

#345		 
#346			(* Network 60 *)
#347			LD		ME13 {R:60$0}
(*) UNDEF
350010F8  E51FB74C		ldr r11, [pc, #-1868] ; 0x31000036
350010FC  E5DB0000		ldrb r0, [r11]

#348			AND		MT29 {R:60$2}
(*) BOOL
35001100  E51FB74C		ldr r11, [pc, #-1868] ; 0x31000038
35001104  E5DBB000		ldrb r11, [r11]
35001108  E000000B		and r0, r0, r11

#349			S		ME14 {R:60$1}
(*) BOOL
3500110C  E3500000		cmp r0, #0
35001110  0A000006		beq #0x000018
35001114  E24DD008		sub sp, sp, #8
35001118  E58D0000		str r0, [sp]
3500111C  E3A00001		mov r0, #1
35001120  E51FB768		ldr r11, [pc, #-1896] ; 0x31000039
35001124  E5CB0000		strb r0, [r11]
35001128  E59D0000		ldr r0, [sp]
3500112C  E28DD008		add sp, sp, #8

#350			R		ME13 {R:60$4}
(*) BOOL
35001130  E3500000		cmp r0, #0
35001134  0A000006		beq #0x000018
35001138  E24DD008		sub sp, sp, #8
3500113C  E58D0000		str r0, [sp]
35001140  E3A00000		mov r0, #0
35001144  E51FB798		ldr r11, [pc, #-1944] ; 0x31000036
35001148  E5CB0000		strb r0, [r11]
3500114C  E59D0000		ldr r0, [sp]
35001150  E28DD008		add sp, sp, #8

#351		 
#352			(* Network 61 *)
#353			LD		ME14 {R:61$0}
(*) UNDEF
35001154  E51FB79C		ldr r11, [pc, #-1948] ; 0x31000039
35001158  E5DB0000		ldrb r0, [r11]

#354			AND		MT30 {R:61$2}
(*) BOOL
3500115C  E51FB7A0		ldr r11, [pc, #-1952] ; 0x3100003A
35001160  E5DBB000		ldrb r11, [r11]
35001164  E000000B		and r0, r0, r11

#355			S		ME0 {R:61$1}
(*) BOOL
35001168  E3500000		cmp r0, #0
3500116C  0A000006		beq #0x000018
35001170  E24DD008		sub sp, sp, #8
35001174  E58D0000		str r0, [sp]
35001178  E3A00001		mov r0, #1
3500117C  E51FB870		ldr r11, [pc, #-2160] ; 0x3100000E
35001180  E5CB0000		strb r0, [r11]
35001184  E59D0000		ldr r0, [sp]
35001188  E28DD008		add sp, sp, #8

#356			R		ME14 {R:61$4}
(*) BOOL
3500118C  E3500000		cmp r0, #0
35001190  0A000006		beq #0x000018
35001194  E24DD008		sub sp, sp, #8
35001198  E58D0000		str r0, [sp]
3500119C  E3A00000		mov r0, #0
350011A0  E51FB7E8		ldr r11, [pc, #-2024] ; 0x31000039
350011A4  E5CB0000		strb r0, [r11]
350011A8  E59D0000		ldr r0, [sp]
350011AC  E28DD008		add sp, sp, #8

#357		 
#358			(* Network 62 *)
#359			LD		ME2 {R:62$0}
(*) UNDEF
350011B0  E51FB88C		ldr r11, [pc, #-2188] ; 0x31000014
350011B4  E5DB0000		ldrb r0, [r11]

#360			OR		ME9 {R:62$2}
(*) BOOL
350011B8  E51FB83C		ldr r11, [pc, #-2108] ; 0x3100002A
350011BC  E5DBB000		ldrb r11, [r11]
350011C0  E180000B		orr r0, r0, r11

#361			ST		AV1 {R:62$1}
(*) BOOL
350011C4  E59FB004		ldr r11, [pc, #+4] ; 0xAFD67
350011C8  E5CB0000		strb r0, [r11]

350011CC  EA000000		b #0

350011D0  FFFFFFFF		; 0x000AFD67

#362		 
#363			(* Network 63 *)
#364			LD		ME3 {R:63$0}
(*) UNDEF
350011D4  E51FB8A4		ldr r11, [pc, #-2212] ; 0x31000017
350011D8  E5DB0000		ldrb r0, [r11]

#365			OR		ME10 {R:63$2}
(*) BOOL
350011DC  E51FB854		ldr r11, [pc, #-2132] ; 0x3100002D
350011E0  E5DBB000		ldrb r11, [r11]
350011E4  E180000B		orr r0, r0, r11

#366			ST		AV2 {R:63$1}
(*) BOOL
350011E8  E59FB0F8		ldr r11, [pc, #+248] ; 0xAFD68
350011EC  E5CB0000		strb r0, [r11]

#367		 
#368			(* Network 64 *)
#369			LD		ME7 {R:64$0}
(*) UNDEF
350011F0  E51FB890		ldr r11, [pc, #-2192] ; 0x31000023
350011F4  E5DB0000		ldrb r0, [r11]

#370			OR		ME13 {R:64$2}
(*) BOOL
350011F8  E51FB84C		ldr r11, [pc, #-2124] ; 0x31000036
350011FC  E5DBB000		ldrb r11, [r11]
35001200  E180000B		orr r0, r0, r11

#371			ST		AV3 {R:64$1}
(*) BOOL
35001204  E59FB0E0		ldr r11, [pc, #+224] ; 0xAFD69
35001208  E5CB0000		strb r0, [r11]

#372		 
#373			(* Network 65 *)
#374			LD		ME6 {R:65$0}
(*) UNDEF
3500120C  E51FB8B8		ldr r11, [pc, #-2232] ; 0x31000020
35001210  E5DB0000		ldrb r0, [r11]

#375			OR		ME12 {R:65$2}
(*) BOOL
35001214  E51FB874		ldr r11, [pc, #-2164] ; 0x31000033
35001218  E5DBB000		ldrb r11, [r11]
3500121C  E180000B		orr r0, r0, r11

#376			ST		IC {R:65$1}
(*) BOOL
35001220  E59FB0C8		ldr r11, [pc, #+200] ; 0xAFD6A
35001224  E5CB0000		strb r0, [r11]

#377		 
#378			(* Network 66 *)
#379			LD		ME0 {R:66$0}
(*) UNDEF
35001228  E51FB91C		ldr r11, [pc, #-2332] ; 0x3100000E
3500122C  E5DB0000		ldrb r0, [r11]

#380			ST		RC {R:66$1}
(*) BOOL
35001230  E59FB0BC		ldr r11, [pc, #+188] ; 0xAFD6B
35001234  E5CB0000		strb r0, [r11]

#381		 
#382			(* Network 67 *)
#383			LD		ME6 {R:67$0}
(*) UNDEF
35001238  E51FB8E4		ldr r11, [pc, #-2276] ; 0x31000020
3500123C  E5DB0000		ldrb r0, [r11]

#384			OR		ME12 {R:67$2}
(*) BOOL
35001240  E51FB8A0		ldr r11, [pc, #-2208] ; 0x31000033
35001244  E5DBB000		ldrb r11, [r11]
35001248  E180000B		orr r0, r0, r11

#385			ST		EM {R:67$1}
(*) BOOL
3500124C  E59FB0A4		ldr r11, [pc, #+164] ; 0xAFD6C
35001250  E5CB0000		strb r0, [r11]

#386		 
#387			(* Network 68 *)
#388			LD		ME1 {R:68$0}
(*) UNDEF
35001254  E51FB93C		ldr r11, [pc, #-2364] ; 0x31000011
35001258  E5DB0000		ldrb r0, [r11]

#389			OR		ME7 {R:68$2}
(*) BOOL
3500125C  E51FB8FC		ldr r11, [pc, #-2300] ; 0x31000023
35001260  E5DBB000		ldrb r11, [r11]
35001264  E180000B		orr r0, r0, r11

#390			OR		ME8 {R:68$4}
(*) BOOL
35001268  E51FB8F8		ldr r11, [pc, #-2296] ; 0x31000027
3500126C  E5DBB000		ldrb r11, [r11]
35001270  E180000B		orr r0, r0, r11

#391			OR		ME13 {R:68$5}
(*) BOOL
35001274  E51FB8C8		ldr r11, [pc, #-2248] ; 0x31000036
35001278  E5DBB000		ldrb r11, [r11]
3500127C  E180000B		orr r0, r0, r11

#392			OR		ME14 {R:68$6}
(*) BOOL
35001280  E51FB8C8		ldr r11, [pc, #-2248] ; 0x31000039
35001284  E5DBB000		ldrb r11, [r11]
35001288  E180000B		orr r0, r0, r11

#393			ST		FM {R:68$1}
(*) BOOL
3500128C  E59FB068		ldr r11, [pc, #+104] ; 0xAFD6D
35001290  E5CB0000		strb r0, [r11]

#394		 
#395			(* Network 69 *)
#396			LD		ME4 {R:69$0}
(*) UNDEF
35001294  E51FB958		ldr r11, [pc, #-2392] ; 0x3100001A
35001298  E5DB0000		ldrb r0, [r11]

#397			OR		ME11 {R:69$2}
(*) BOOL
3500129C  E51FB908		ldr r11, [pc, #-2312] ; 0x31000030
350012A0  E5DBB000		ldrb r11, [r11]
350012A4  E180000B		orr r0, r0, r11

#398			ST		EC {R:69$1}
(*) BOOL
350012A8  E59FB050		ldr r11, [pc, #+80] ; 0xAFD6E
350012AC  E5CB0000		strb r0, [r11]

#399		 
#400			(* Network 70 *)
#401			LD		ME5 {R:70$0}
(*) UNDEF
350012B0  E51FB968		ldr r11, [pc, #-2408] ; 0x3100001D
350012B4  E5DB0000		ldrb r0, [r11]

#402			OR		ME14 {R:70$2}
(*) BOOL
350012B8  E51FB900		ldr r11, [pc, #-2304] ; 0x31000039
350012BC  E5DBB000		ldrb r11, [r11]
350012C0  E180000B		orr r0, r0, r11

#403			OR		ME12 {R:70$4}
(*) BOOL
350012C4  E51FB924		ldr r11, [pc, #-2340] ; 0x31000033
350012C8  E5DBB000		ldrb r11, [r11]
350012CC  E180000B		orr r0, r0, r11

#404			ST		AC {R:70$1}
(*) BOOL
350012D0  E59FB02C		ldr r11, [pc, #+44] ; 0xAFD6F
350012D4  E5CB0000		strb r0, [r11]

350012D8  E8BD0FF0		ldmia sp!, { r4, r5, r6, r7, r8, r9, r10, r11 }
350012DC  E59DE000		ldr lr, [sp]
350012E0  E28DD008		add sp, sp, #8

350012E4  E1A0F00E		mov pc, lr

350012E8  FFFFFFFF		; 0x000AFD68
350012EC  FFFFFFFF		; 0x000AFD69
350012F0  FFFFFFFF		; 0x000AFD6A
350012F4  FFFFFFFF		; 0x000AFD6B
350012F8  FFFFFFFF		; 0x000AFD6C
350012FC  FFFFFFFF		; 0x000AFD6D
35001300  FFFFFFFF		; 0x000AFD6E
35001304  FFFFFFFF		; 0x000AFD6F

END_PROGRAM


**************************************************
	Target variable image generation
**************************************************


*** INPUT:
35001308  E1A0F00E		mov pc, lr


*** OUTPUT:
3500130C  E1A0F00E		mov pc, lr



**************************************************
	Task FAST init code
**************************************************

35001310  E24DD008		sub sp, sp, #8
35001314  E58DE000		str lr, [sp]
35001318  E92D0FF0		stmdb sp!, { r4, r5, r6, r7, r8, r9, r10, r11 }

3500131C  E8BD0FF0		ldmia sp!, { r4, r5, r6, r7, r8, r9, r10, r11 }
35001320  E59DE000		ldr lr, [sp]
35001324  E28DD008		add sp, sp, #8

35001328  E1A0F00E		mov pc, lr



**************************************************
	Global init code
**************************************************

35001340  E24DD008		sub sp, sp, #8
35001344  E58DE000		str lr, [sp]
35001348  E92D0FF0		stmdb sp!, { r4, r5, r6, r7, r8, r9, r10, r11 }

3500134C  E8BD0FF0		ldmia sp!, { r4, r5, r6, r7, r8, r9, r10, r11 }
35001350  E59DE000		ldr lr, [sp]
35001354  E28DD008		add sp, sp, #8

35001358  E1A0F00E		mov pc, lr



**************************************************
	Global RETAIN init code
**************************************************

3500135C  E24DD008		sub sp, sp, #8
35001360  E58DE000		str lr, [sp]
35001364  E92D0FF0		stmdb sp!, { r4, r5, r6, r7, r8, r9, r10, r11 }

35001368  E8BD0FF0		ldmia sp!, { r4, r5, r6, r7, r8, r9, r10, r11 }
3500136C  E59DE000		ldr lr, [sp]
35001370  E28DD008		add sp, sp, #8

35001374  E1A0F00E		mov pc, lr



********************************************
MEMORY MAP
********************************************

Code area type:			main code
Start code area:		35000000h
End code area:			35001380h
Code size:			    1380h

Start local data area:		31000000h
End local data area:		3100003Bh
Local data size:		      3Bh

Start retentive data area:	31040000h
End retentive data area:	31040000h
Retentive data size:		       0h

Start bit data area:		       0h
End bit data area:		       0h
Bit data size:			       0h



********************************************
CODE ID:                                35AF364B
DEBUG MEMO ID:                          3500F0FE
FULL MEMO ID:                           0000C32A
********************************************
